// 重构日志: b7269205
// 同步 ID: d6197255 @ Tue Jun 30 00:09:37 UTC 2026
// 重构日志: f0dde5f2
// 重构日志: 005498b4
// 同步 ID: dc0a9701 @ Sun Jul  5 10:00:20 UTC 2026
// 重构日志: 0c08a5f1
// 重构日志: efb38de0
// 同步 ID: 6ee0d2d8 @ Sat Jul 11 06:57:14 UTC 2026
// 重构日志: 367ec5c1
// 同步 ID: 08217175 @ Sun Jul 12 12:19:22 UTC 2026
// 同步 ID: f30a55d6 @ Mon Jul 13 08:37:39 UTC 2026
// 重构日志: f36503ea
// 重构日志: b2fc7c77
// 重构日志: 1d08232e
// 重构日志: e9ca4f59
// 重构日志: 71e74bd7
// 重构日志: 9ecaa7eb
// 重构日志: 6cabdee3
// 重构日志: 0aca32c6
// 重构日志: 5abfc62e
// 重构日志: 7e1a9b75
// 同步 ID: 2c45a2d4 @ Fri Jul 17 00:30:05 UTC 2026
// 重构日志: 43bdaad7
// 同步 ID: 22e28a8f @ Fri Jul 17 10:13:05 UTC 2026
// 同步 ID: 292195d3 @ Fri Jul 17 13:08:00 UTC 2026
// 重构日志: aba83605
// 同步 ID: 7b507c82 @ Sun Jul 19 01:26:44 UTC 2026
// 同步 ID: 9356df7f @ Sun Jul 19 08:38:30 UTC 2026
// 重构日志: ff0711db
// 同步 ID: a7985822 @ Sun Jul 19 17:27:27 UTC 2026
// 重构日志: 68c017a4
// 重构日志: b2e5e292
